{"contracts/CarmelBase.sol":{"l":{"70":72,"71":64,"76":2,"77":1,"90":1},"path":"/Users/idc/dev/chunky/carmel/carmel-sys/contracts/CarmelBase.sol","s":{"1":72,"2":2},"b":{"1":[8,64],"2":[1,1],"3":[1,1]},"f":{"1":72,"2":2,"3":1},"fnMap":{"1":{"name":"requireSentinel","line":69,"loc":{"start":{"line":69,"column":4},"end":{"line":72,"column":4}}},"2":{"name":"requireAdmin","line":75,"loc":{"start":{"line":75,"column":4},"end":{"line":78,"column":4}}},"3":{"name":"updatePerms","line":89,"loc":{"start":{"line":89,"column":4},"end":{"line":91,"column":4}}}},"statementMap":{"1":{"start":{"line":70,"column":6},"end":{"line":70,"column":97}},"2":{"start":{"line":76,"column":6},"end":{"line":76,"column":91}}},"branchMap":{"1":{"line":70,"type":"if","locations":[{"start":{"line":70,"column":6},"end":{"line":70,"column":6}},{"start":{"line":70,"column":6},"end":{"line":70,"column":6}}]},"2":{"line":76,"type":"if","locations":[{"start":{"line":76,"column":6},"end":{"line":76,"column":6}},{"start":{"line":76,"column":6},"end":{"line":76,"column":6}}]},"3":{"line":89,"type":"if","locations":[{"start":{"line":89,"column":60},"end":{"line":89,"column":60}},{"start":{"line":89,"column":60},"end":{"line":89,"column":60}}]}}},"contracts/CarmelCollection.sol":{"l":{"77":92,"94":92,"95":92,"96":92,"98":92,"99":92,"100":92,"101":92,"103":92,"104":92,"105":92,"106":92,"107":92,"108":92,"122":4,"123":2,"125":1,"126":1,"127":1,"129":1,"134":6,"136":4,"141":10,"143":8,"159":9,"160":9,"161":9,"162":9,"163":9,"165":9,"166":8,"167":7,"168":6,"170":5,"171":1,"174":5,"175":10,"176":10,"177":10,"178":10,"179":10,"180":10,"181":10,"182":10,"183":10,"189":2,"194":4,"199":1,"204":7,"206":6,"211":4,"223":12,"224":12,"226":12,"227":12,"229":12},"path":"/Users/idc/dev/chunky/carmel/carmel-sys/contracts/CarmelCollection.sol","s":{"1":92,"2":92,"3":4,"4":2,"5":1,"6":6,"7":10,"8":9,"9":9,"10":9,"11":9,"12":9,"13":9,"14":8,"15":7,"16":6,"17":5,"18":1,"19":5,"20":10,"21":10,"22":10,"23":10,"24":2,"25":4,"26":1,"27":7,"28":6,"29":4,"30":12,"31":12,"32":12,"33":12,"34":12},"b":{"1":[92,1],"2":[4,1],"3":[1,2],"4":[1,1],"5":[6,1],"6":[1,4],"7":[10,1],"8":[1,8],"9":[1,8],"10":[1,7],"11":[1,6],"12":[1,5],"13":[1,4],"14":[1,6]},"f":{"1":92,"2":92,"3":4,"4":6,"5":10,"6":9,"7":2,"8":4,"9":1,"10":7,"11":4,"12":12},"fnMap":{"1":{"name":"constructor","line":76,"loc":{"start":{"line":76,"column":4},"end":{"line":78,"column":4}}},"2":{"name":"initialize","line":93,"loc":{"start":{"line":81,"column":4},"end":{"line":109,"column":4}}},"3":{"name":"updateHash","line":121,"loc":{"start":{"line":121,"column":4},"end":{"line":130,"column":4}}},"4":{"name":"updateConfig","line":133,"loc":{"start":{"line":133,"column":4},"end":{"line":137,"column":4}}},"5":{"name":"updateLevel","line":140,"loc":{"start":{"line":140,"column":4},"end":{"line":144,"column":4}}},"6":{"name":"safeMintBatch","line":158,"loc":{"start":{"line":158,"column":4},"end":{"line":185,"column":4}}},"7":{"name":"getConfig","line":188,"loc":{"start":{"line":188,"column":4},"end":{"line":190,"column":4}}},"8":{"name":"getLevel","line":193,"loc":{"start":{"line":193,"column":4},"end":{"line":195,"column":4}}},"9":{"name":"version","line":198,"loc":{"start":{"line":198,"column":4},"end":{"line":200,"column":4}}},"10":{"name":"tokenURI","line":203,"loc":{"start":{"line":203,"column":4},"end":{"line":207,"column":4}}},"11":{"name":"totalSupply","line":210,"loc":{"start":{"line":210,"column":4},"end":{"line":212,"column":4}}},"12":{"name":"bytes32ToString","line":222,"loc":{"start":{"line":222,"column":4},"end":{"line":230,"column":4}}}},"statementMap":{"1":{"start":{"line":77,"column":8},"end":{"line":77,"column":29}},"2":{"start":{"line":101,"column":8},"end":{"line":101,"column":34}},"3":{"start":{"line":122,"column":8},"end":{"line":122,"column":83}},"4":{"start":{"line":123,"column":8},"end":{"line":123,"column":70}},"5":{"start":{"line":129,"column":8},"end":{"line":129,"column":44}},"6":{"start":{"line":134,"column":8},"end":{"line":134,"column":83}},"7":{"start":{"line":141,"column":8},"end":{"line":141,"column":83}},"8":{"start":{"line":159,"column":8},"end":{"line":159,"column":38}},"9":{"start":{"line":160,"column":8},"end":{"line":160,"column":57}},"10":{"start":{"line":161,"column":8},"end":{"line":161,"column":55}},"11":{"start":{"line":162,"column":8},"end":{"line":162,"column":65}},"12":{"start":{"line":163,"column":8},"end":{"line":163,"column":64}},"13":{"start":{"line":165,"column":8},"end":{"line":165,"column":112}},"14":{"start":{"line":166,"column":8},"end":{"line":166,"column":94}},"15":{"start":{"line":167,"column":8},"end":{"line":167,"column":146}},"16":{"start":{"line":168,"column":8},"end":{"line":168,"column":86}},"17":{"start":{"line":170,"column":8},"end":{"line":170,"column":8115}},"18":{"start":{"line":171,"column":12},"end":{"line":171,"column":42}},"19":{"start":{"line":174,"column":8},"end":{"line":174,"column":8193}},"20":{"start":{"line":175,"column":12},"end":{"line":175,"column":41}},"21":{"start":{"line":176,"column":12},"end":{"line":176,"column":44}},"22":{"start":{"line":180,"column":12},"end":{"line":180,"column":80}},"23":{"start":{"line":181,"column":12},"end":{"line":181,"column":48}},"24":{"start":{"line":189,"column":8},"end":{"line":189,"column":27}},"25":{"start":{"line":194,"column":8},"end":{"line":194,"column":27}},"26":{"start":{"line":199,"column":8},"end":{"line":199,"column":16}},"27":{"start":{"line":204,"column":8},"end":{"line":204,"column":70}},"28":{"start":{"line":206,"column":8},"end":{"line":206,"column":126}},"29":{"start":{"line":211,"column":8},"end":{"line":211,"column":27}},"30":{"start":{"line":223,"column":8},"end":{"line":223,"column":19}},"31":{"start":{"line":224,"column":8},"end":{"line":224,"column":45}},"32":{"start":{"line":226,"column":8},"end":{"line":226,"column":46}},"33":{"start":{"line":227,"column":8},"end":{"line":227,"column":80}},"34":{"start":{"line":229,"column":8},"end":{"line":229,"column":33}}},"branchMap":{"1":{"line":93,"type":"if","locations":[{"start":{"line":93,"column":6},"end":{"line":93,"column":6}},{"start":{"line":93,"column":6},"end":{"line":93,"column":6}}]},"2":{"line":121,"type":"if","locations":[{"start":{"line":121,"column":112},"end":{"line":121,"column":112}},{"start":{"line":121,"column":112},"end":{"line":121,"column":112}}]},"3":{"line":122,"type":"if","locations":[{"start":{"line":122,"column":8},"end":{"line":122,"column":8}},{"start":{"line":122,"column":8},"end":{"line":122,"column":8}}]},"4":{"line":123,"type":"if","locations":[{"start":{"line":123,"column":8},"end":{"line":123,"column":8}},{"start":{"line":123,"column":8},"end":{"line":123,"column":8}}]},"5":{"line":133,"type":"if","locations":[{"start":{"line":133,"column":99},"end":{"line":133,"column":99}},{"start":{"line":133,"column":99},"end":{"line":133,"column":99}}]},"6":{"line":134,"type":"if","locations":[{"start":{"line":134,"column":8},"end":{"line":134,"column":8}},{"start":{"line":134,"column":8},"end":{"line":134,"column":8}}]},"7":{"line":140,"type":"if","locations":[{"start":{"line":140,"column":99},"end":{"line":140,"column":99}},{"start":{"line":140,"column":99},"end":{"line":140,"column":99}}]},"8":{"line":141,"type":"if","locations":[{"start":{"line":141,"column":8},"end":{"line":141,"column":8}},{"start":{"line":141,"column":8},"end":{"line":141,"column":8}}]},"9":{"line":165,"type":"if","locations":[{"start":{"line":165,"column":8},"end":{"line":165,"column":8}},{"start":{"line":165,"column":8},"end":{"line":165,"column":8}}]},"10":{"line":166,"type":"if","locations":[{"start":{"line":166,"column":8},"end":{"line":166,"column":8}},{"start":{"line":166,"column":8},"end":{"line":166,"column":8}}]},"11":{"line":167,"type":"if","locations":[{"start":{"line":167,"column":8},"end":{"line":167,"column":8}},{"start":{"line":167,"column":8},"end":{"line":167,"column":8}}]},"12":{"line":168,"type":"if","locations":[{"start":{"line":168,"column":8},"end":{"line":168,"column":8}},{"start":{"line":168,"column":8},"end":{"line":168,"column":8}}]},"13":{"line":170,"type":"if","locations":[{"start":{"line":170,"column":8},"end":{"line":170,"column":8}},{"start":{"line":170,"column":8},"end":{"line":170,"column":8}}]},"14":{"line":204,"type":"if","locations":[{"start":{"line":204,"column":8},"end":{"line":204,"column":8}},{"start":{"line":204,"column":8},"end":{"line":204,"column":8}}]}}},"contracts/CarmelRegistry.sol":{"l":{"62":336,"70":336,"71":336,"72":336,"90":34,"91":34,"93":33,"94":33,"95":33,"96":33,"97":33,"99":33,"100":33,"101":33,"102":33,"104":33,"105":33,"106":33,"107":33,"109":33,"117":2,"118":2,"120":1,"121":1,"134":3,"135":3,"137":1,"142":2,"143":2,"145":1,"146":1,"154":4,"155":4,"157":1,"158":1,"159":1,"167":2,"168":2,"170":1,"171":1,"185":3,"186":3,"188":2,"195":26,"196":26,"201":1,"206":2,"211":2,"212":2,"217":2,"222":4,"229":1,"230":1,"231":1,"233":1,"234":1,"237":1,"245":37,"246":30,"248":29,"249":29,"251":29},"path":"/Users/idc/dev/chunky/carmel/carmel-sys/contracts/CarmelRegistry.sol","s":{"1":336,"2":34,"3":34,"4":33,"5":33,"6":33,"7":33,"8":33,"9":33,"10":33,"11":33,"12":33,"13":33,"14":33,"15":2,"16":2,"17":3,"18":3,"19":1,"20":2,"21":2,"22":1,"23":4,"24":4,"25":1,"26":1,"27":2,"28":2,"29":3,"30":3,"31":2,"32":26,"33":26,"34":1,"35":2,"36":2,"37":2,"38":2,"39":4,"40":1,"41":1,"42":1,"43":1,"44":1,"45":37,"46":30,"47":29,"48":29,"49":29},"b":{"1":[336,1],"2":[34,1],"3":[1,33],"4":[2,1],"5":[1,1],"6":[1,1],"7":[2,1],"8":[1,1],"9":[4,1],"10":[1,1],"11":[2,1],"12":[1,1],"13":[1,2],"14":[7,30],"15":[1,29]},"f":{"1":336,"2":336,"3":34,"4":2,"5":3,"6":2,"7":4,"8":2,"9":3,"10":26,"11":1,"12":2,"13":2,"14":2,"15":4,"16":1,"17":37},"fnMap":{"1":{"name":"constructor","line":61,"loc":{"start":{"line":61,"column":4},"end":{"line":63,"column":4}}},"2":{"name":"initialize","line":69,"loc":{"start":{"line":66,"column":4},"end":{"line":73,"column":4}}},"3":{"name":"register","line":89,"loc":{"start":{"line":89,"column":4},"end":{"line":110,"column":4}}},"4":{"name":"updateSystemHash","line":116,"loc":{"start":{"line":116,"column":4},"end":{"line":122,"column":4}}},"5":{"name":"accountGetKeys","line":133,"loc":{"start":{"line":133,"column":4},"end":{"line":138,"column":4}}},"6":{"name":"accountAddAddress","line":141,"loc":{"start":{"line":141,"column":4},"end":{"line":147,"column":4}}},"7":{"name":"accountAddKey","line":153,"loc":{"start":{"line":153,"column":4},"end":{"line":160,"column":4}}},"8":{"name":"accountUpdateHash","line":166,"loc":{"start":{"line":166,"column":4},"end":{"line":172,"column":4}}},"9":{"name":"getAddresses","line":184,"loc":{"start":{"line":184,"column":4},"end":{"line":189,"column":4}}},"10":{"name":"verify","line":194,"loc":{"start":{"line":194,"column":4},"end":{"line":197,"column":4}}},"11":{"name":"version","line":200,"loc":{"start":{"line":200,"column":4},"end":{"line":202,"column":4}}},"12":{"name":"getPerms","line":205,"loc":{"start":{"line":205,"column":4},"end":{"line":207,"column":4}}},"13":{"name":"getAccount","line":210,"loc":{"start":{"line":210,"column":4},"end":{"line":213,"column":4}}},"14":{"name":"getTotalAccounts","line":216,"loc":{"start":{"line":216,"column":4},"end":{"line":218,"column":4}}},"15":{"name":"getAccountHashes","line":221,"loc":{"start":{"line":221,"column":4},"end":{"line":223,"column":4}}},"16":{"name":"getAccounts","line":228,"loc":{"start":{"line":228,"column":4},"end":{"line":238,"column":4}}},"17":{"name":"verifyFingerprint","line":244,"loc":{"start":{"line":244,"column":4},"end":{"line":252,"column":4}}}},"statementMap":{"1":{"start":{"line":62,"column":8},"end":{"line":62,"column":29}},"2":{"start":{"line":90,"column":8},"end":{"line":90,"column":58}},"3":{"start":{"line":91,"column":8},"end":{"line":91,"column":82}},"4":{"start":{"line":93,"column":8},"end":{"line":93,"column":43}},"5":{"start":{"line":95,"column":8},"end":{"line":95,"column":32}},"6":{"start":{"line":96,"column":8},"end":{"line":96,"column":32}},"7":{"start":{"line":99,"column":8},"end":{"line":99,"column":41}},"8":{"start":{"line":100,"column":8},"end":{"line":100,"column":41}},"9":{"start":{"line":101,"column":8},"end":{"line":101,"column":41}},"10":{"start":{"line":102,"column":8},"end":{"line":102,"column":41}},"11":{"start":{"line":104,"column":8},"end":{"line":104,"column":134}},"12":{"start":{"line":106,"column":8},"end":{"line":106,"column":38}},"13":{"start":{"line":107,"column":8},"end":{"line":107,"column":37}},"14":{"start":{"line":109,"column":8},"end":{"line":109,"column":24}},"15":{"start":{"line":117,"column":8},"end":{"line":117,"column":58}},"16":{"start":{"line":118,"column":8},"end":{"line":118,"column":82}},"17":{"start":{"line":134,"column":8},"end":{"line":134,"column":70}},"18":{"start":{"line":135,"column":8},"end":{"line":135,"column":92}},"19":{"start":{"line":137,"column":8},"end":{"line":137,"column":78}},"20":{"start":{"line":142,"column":8},"end":{"line":142,"column":70}},"21":{"start":{"line":143,"column":8},"end":{"line":143,"column":92}},"22":{"start":{"line":145,"column":8},"end":{"line":145,"column":50}},"23":{"start":{"line":154,"column":8},"end":{"line":154,"column":70}},"24":{"start":{"line":155,"column":8},"end":{"line":155,"column":92}},"25":{"start":{"line":157,"column":8},"end":{"line":157,"column":44}},"26":{"start":{"line":158,"column":8},"end":{"line":158,"column":44}},"27":{"start":{"line":167,"column":8},"end":{"line":167,"column":70}},"28":{"start":{"line":168,"column":8},"end":{"line":168,"column":92}},"29":{"start":{"line":185,"column":8},"end":{"line":185,"column":58}},"30":{"start":{"line":186,"column":8},"end":{"line":186,"column":82}},"31":{"start":{"line":188,"column":8},"end":{"line":188,"column":35}},"32":{"start":{"line":195,"column":8},"end":{"line":195,"column":70}},"33":{"start":{"line":196,"column":8},"end":{"line":196,"column":54}},"34":{"start":{"line":201,"column":8},"end":{"line":201,"column":16}},"35":{"start":{"line":206,"column":8},"end":{"line":206,"column":27}},"36":{"start":{"line":211,"column":8},"end":{"line":211,"column":58}},"37":{"start":{"line":212,"column":8},"end":{"line":212,"column":22}},"38":{"start":{"line":217,"column":8},"end":{"line":217,"column":30}},"39":{"start":{"line":222,"column":8},"end":{"line":222,"column":32}},"40":{"start":{"line":229,"column":8},"end":{"line":229,"column":46}},"41":{"start":{"line":230,"column":8},"end":{"line":230,"column":31}},"42":{"start":{"line":231,"column":8},"end":{"line":231,"column":65}},"43":{"start":{"line":233,"column":8},"end":{"line":233,"column":11384}},"44":{"start":{"line":237,"column":8},"end":{"line":237,"column":20}},"45":{"start":{"line":245,"column":8},"end":{"line":245,"column":86}},"46":{"start":{"line":246,"column":8},"end":{"line":246,"column":109}},"47":{"start":{"line":248,"column":8},"end":{"line":248,"column":68}},"48":{"start":{"line":249,"column":8},"end":{"line":249,"column":68}},"49":{"start":{"line":251,"column":8},"end":{"line":251,"column":81}}},"branchMap":{"1":{"line":69,"type":"if","locations":[{"start":{"line":69,"column":6},"end":{"line":69,"column":6}},{"start":{"line":69,"column":6},"end":{"line":69,"column":6}}]},"2":{"line":89,"type":"if","locations":[{"start":{"line":89,"column":97},"end":{"line":89,"column":97}},{"start":{"line":89,"column":97},"end":{"line":89,"column":97}}]},"3":{"line":91,"type":"if","locations":[{"start":{"line":91,"column":8},"end":{"line":91,"column":8}},{"start":{"line":91,"column":8},"end":{"line":91,"column":8}}]},"4":{"line":116,"type":"if","locations":[{"start":{"line":116,"column":81},"end":{"line":116,"column":81}},{"start":{"line":116,"column":81},"end":{"line":116,"column":81}}]},"5":{"line":118,"type":"if","locations":[{"start":{"line":118,"column":8},"end":{"line":118,"column":8}},{"start":{"line":118,"column":8},"end":{"line":118,"column":8}}]},"6":{"line":135,"type":"if","locations":[{"start":{"line":135,"column":8},"end":{"line":135,"column":8}},{"start":{"line":135,"column":8},"end":{"line":135,"column":8}}]},"7":{"line":141,"type":"if","locations":[{"start":{"line":141,"column":92},"end":{"line":141,"column":92}},{"start":{"line":141,"column":92},"end":{"line":141,"column":92}}]},"8":{"line":143,"type":"if","locations":[{"start":{"line":143,"column":8},"end":{"line":143,"column":8}},{"start":{"line":143,"column":8},"end":{"line":143,"column":8}}]},"9":{"line":153,"type":"if","locations":[{"start":{"line":153,"column":97},"end":{"line":153,"column":97}},{"start":{"line":153,"column":97},"end":{"line":153,"column":97}}]},"10":{"line":155,"type":"if","locations":[{"start":{"line":155,"column":8},"end":{"line":155,"column":8}},{"start":{"line":155,"column":8},"end":{"line":155,"column":8}}]},"11":{"line":166,"type":"if","locations":[{"start":{"line":166,"column":103},"end":{"line":166,"column":103}},{"start":{"line":166,"column":103},"end":{"line":166,"column":103}}]},"12":{"line":168,"type":"if","locations":[{"start":{"line":168,"column":8},"end":{"line":168,"column":8}},{"start":{"line":168,"column":8},"end":{"line":168,"column":8}}]},"13":{"line":186,"type":"if","locations":[{"start":{"line":186,"column":8},"end":{"line":186,"column":8}},{"start":{"line":186,"column":8},"end":{"line":186,"column":8}}]},"14":{"line":245,"type":"if","locations":[{"start":{"line":245,"column":8},"end":{"line":245,"column":8}},{"start":{"line":245,"column":8},"end":{"line":245,"column":8}}]},"15":{"line":246,"type":"if","locations":[{"start":{"line":246,"column":8},"end":{"line":246,"column":8}},{"start":{"line":246,"column":8},"end":{"line":246,"column":8}}]}}},"contracts/CarmelRegistryV2.sol":{"l":{"33":108,"37":1},"path":"/Users/idc/dev/chunky/carmel/carmel-sys/contracts/CarmelRegistryV2.sol","s":{"1":108,"2":1},"b":{},"f":{"1":108,"2":1},"fnMap":{"1":{"name":"constructor","line":32,"loc":{"start":{"line":32,"column":4},"end":{"line":34,"column":4}}},"2":{"name":"version","line":36,"loc":{"start":{"line":36,"column":4},"end":{"line":38,"column":4}}}},"statementMap":{"1":{"start":{"line":33,"column":8},"end":{"line":33,"column":29}},"2":{"start":{"line":37,"column":8},"end":{"line":37,"column":16}}},"branchMap":{}},"contracts/CarmelTreasury.sol":{"l":{"45":28,"52":28,"53":28,"58":3,"59":3,"64":3,"69":5,"70":4,"71":2,"73":1},"path":"/Users/idc/dev/chunky/carmel/carmel-sys/contracts/CarmelTreasury.sol","s":{"1":28,"2":3,"3":3,"4":5,"5":4,"6":2,"7":1},"b":{"1":[28,1],"2":[1,4],"3":[1,2],"4":[1,1]},"f":{"1":28,"2":28,"3":3,"4":3,"5":5},"fnMap":{"1":{"name":"constructor","line":44,"loc":{"start":{"line":44,"column":4},"end":{"line":46,"column":4}}},"2":{"name":"initialize","line":51,"loc":{"start":{"line":48,"column":3},"end":{"line":54,"column":3}}},"3":{"name":"deposit","line":57,"loc":{"start":{"line":57,"column":3},"end":{"line":60,"column":3}}},"4":{"name":"getBalance","line":63,"loc":{"start":{"line":63,"column":3},"end":{"line":65,"column":3}}},"5":{"name":"withdraw","line":68,"loc":{"start":{"line":68,"column":3},"end":{"line":74,"column":3}}}},"statementMap":{"1":{"start":{"line":45,"column":8},"end":{"line":45,"column":29}},"2":{"start":{"line":59,"column":8},"end":{"line":59,"column":47}},"3":{"start":{"line":64,"column":5},"end":{"line":64,"column":31}},"4":{"start":{"line":69,"column":8},"end":{"line":69,"column":72}},"5":{"start":{"line":70,"column":8},"end":{"line":70,"column":87}},"6":{"start":{"line":71,"column":8},"end":{"line":71,"column":109}},"7":{"start":{"line":73,"column":8},"end":{"line":73,"column":26}}},"branchMap":{"1":{"line":51,"type":"if","locations":[{"start":{"line":51,"column":6},"end":{"line":51,"column":6}},{"start":{"line":51,"column":6},"end":{"line":51,"column":6}}]},"2":{"line":69,"type":"if","locations":[{"start":{"line":69,"column":8},"end":{"line":69,"column":8}},{"start":{"line":69,"column":8},"end":{"line":69,"column":8}}]},"3":{"line":70,"type":"if","locations":[{"start":{"line":70,"column":8},"end":{"line":70,"column":8}},{"start":{"line":70,"column":8},"end":{"line":70,"column":8}}]},"4":{"line":71,"type":"if","locations":[{"start":{"line":71,"column":8},"end":{"line":71,"column":8}},{"start":{"line":71,"column":8},"end":{"line":71,"column":8}}]}}},"contracts/CarmelVerifier.sol":{"l":{"59":232,"66":232,"71":30,"97":36,"99":35,"100":35,"101":35,"102":35,"103":35,"105":35,"106":4,"110":31,"111":1,"115":30,"116":30,"117":30,"118":30,"120":30,"121":30,"123":30,"127":30},"path":"/Users/idc/dev/chunky/carmel/carmel-sys/contracts/CarmelVerifier.sol","s":{"1":232,"2":36,"3":1,"4":35,"5":35,"6":35,"7":35,"8":35,"9":35,"10":4,"11":31,"12":1,"13":30,"14":30,"15":30,"16":30,"17":30,"18":30},"b":{"1":[232,1],"2":[1,35],"3":[4,31],"4":[1,1],"5":[1,1],"6":[1,1],"7":[1,30]},"f":{"1":232,"2":232,"3":30,"4":36},"fnMap":{"1":{"name":"constructor","line":58,"loc":{"start":{"line":58,"column":4},"end":{"line":60,"column":4}}},"2":{"name":"initialize","line":65,"loc":{"start":{"line":63,"column":4},"end":{"line":67,"column":4}}},"3":{"name":"nModInv","line":70,"loc":{"start":{"line":70,"column":4},"end":{"line":88,"column":4}}},"4":{"name":"verify","line":96,"loc":{"start":{"line":96,"column":4},"end":{"line":128,"column":4}}}},"statementMap":{"1":{"start":{"line":59,"column":8},"end":{"line":59,"column":29}},"2":{"start":{"line":97,"column":9},"end":{"line":97,"column":50}},"3":{"start":{"line":97,"column":38},"end":{"line":97,"column":50}},"4":{"start":{"line":99,"column":9},"end":{"line":99,"column":59}},"5":{"start":{"line":100,"column":9},"end":{"line":100,"column":59}},"6":{"start":{"line":101,"column":9},"end":{"line":101,"column":42}},"7":{"start":{"line":102,"column":9},"end":{"line":102,"column":32}},"8":{"start":{"line":103,"column":9},"end":{"line":103,"column":32}},"9":{"start":{"line":105,"column":8},"end":{"line":105,"column":5828}},"10":{"start":{"line":106,"column":12},"end":{"line":106,"column":24}},"11":{"start":{"line":110,"column":7},"end":{"line":110,"column":5995}},"12":{"start":{"line":111,"column":8},"end":{"line":111,"column":20}},"13":{"start":{"line":115,"column":8},"end":{"line":115,"column":33}},"14":{"start":{"line":116,"column":8},"end":{"line":116,"column":50}},"15":{"start":{"line":117,"column":8},"end":{"line":117,"column":45}},"16":{"start":{"line":118,"column":8},"end":{"line":118,"column":45}},"17":{"start":{"line":120,"column":8},"end":{"line":120,"column":18}},"18":{"start":{"line":127,"column":8},"end":{"line":127,"column":22}}},"branchMap":{"1":{"line":65,"type":"if","locations":[{"start":{"line":65,"column":6},"end":{"line":65,"column":6}},{"start":{"line":65,"column":6},"end":{"line":65,"column":6}}]},"2":{"line":97,"type":"if","locations":[{"start":{"line":97,"column":9},"end":{"line":97,"column":9}},{"start":{"line":97,"column":9},"end":{"line":97,"column":9}}]},"3":{"line":105,"type":"if","locations":[{"start":{"line":105,"column":8},"end":{"line":105,"column":8}},{"start":{"line":105,"column":8},"end":{"line":105,"column":8}}]},"4":{"line":105,"type":"cond-expr","locations":[{"start":{"line":105,"column":12},"end":{"line":105,"column":17}},{"start":{"line":105,"column":22},"end":{"line":105,"column":27}}]},"5":{"line":105,"type":"cond-expr","locations":[{"start":{"line":105,"column":12},"end":{"line":105,"column":27}},{"start":{"line":105,"column":32},"end":{"line":105,"column":37}}]},"6":{"line":105,"type":"cond-expr","locations":[{"start":{"line":105,"column":12},"end":{"line":105,"column":37}},{"start":{"line":105,"column":42},"end":{"line":105,"column":47}}]},"7":{"line":110,"type":"if","locations":[{"start":{"line":110,"column":7},"end":{"line":110,"column":7}},{"start":{"line":110,"column":7},"end":{"line":110,"column":7}}]}}},"contracts/Proxies.sol":{"l":{},"path":"/Users/idc/dev/chunky/carmel/carmel-sys/contracts/Proxies.sol","s":{},"b":{},"f":{},"fnMap":{},"statementMap":{},"branchMap":{}}}