{
"contracts/CarmelBase.sol":{"l":{},"path":"/Users/idc/dev/chunky/carmel/carmel-sys/contracts/CarmelBase.sol","s":{},"b":{},"f":{},"fnMap":{},"statementMap":{},"branchMap":{}},
"contracts/CarmelRegistry.sol":{"l":{"70":32,"71":27,"76":2,"77":1,"82":244,"90":244,"91":244,"92":244,"105":1,"123":17,"124":17,"126":16,"127":16,"128":16,"129":16,"130":16,"132":16,"133":16,"134":16,"135":16,"137":16,"138":16,"139":16,"140":16,"142":16,"150":2,"151":2,"153":1,"154":1,"167":3,"168":3,"170":1,"175":2,"176":2,"178":1,"179":1,"187":4,"188":4,"190":1,"191":1,"192":1,"200":2,"201":2,"203":1,"204":1,"218":3,"219":3,"221":2,"228":6,"229":6,"234":1,"239":2,"244":2,"245":2,"250":2,"255":4,"262":1,"263":1,"264":1,"266":1,"267":1,"270":1,"278":17,"279":13,"281":12,"282":12,"284":12},"path":"/Users/idc/dev/chunky/carmel/carmel-sys/contracts/CarmelRegistry.sol","s":{"1":32,"2":2,"3":244,"4":17,"5":17,"6":16,"7":16,"8":16,"9":16,"10":16,"11":16,"12":16,"13":16,"14":16,"15":16,"16":16,"17":2,"18":2,"19":3,"20":3,"21":1,"22":2,"23":2,"24":1,"25":4,"26":4,"27":1,"28":1,"29":2,"30":2,"31":3,"32":3,"33":2,"34":6,"35":6,"36":1,"37":2,"38":2,"39":2,"40":2,"41":4,"42":1,"43":1,"44":1,"45":1,"46":1,"47":17,"48":13,"49":12,"50":12,"51":12},"b":{"1":[5,27],"2":[1,1],"3":[244,1],"4":[1,1],"5":[17,1],"6":[1,16],"7":[2,1],"8":[1,1],"9":[1,1],"10":[2,1],"11":[1,1],"12":[4,1],"13":[1,1],"14":[2,1],"15":[1,1],"16":[1,2],"17":[4,13],"18":[1,12]},"f":{"1":32,"2":2,"3":244,"4":244,"5":1,"6":17,"7":2,"8":3,"9":2,"10":4,"11":2,"12":3,"13":6,"14":1,"15":2,"16":2,"17":2,"18":4,"19":1,"20":17},"fnMap":{"1":{"name":"requireSentinel","line":69,"loc":{"start":{"line":69,"column":4},"end":{"line":72,"column":4}}},"2":{"name":"requireAdmin","line":75,"loc":{"start":{"line":75,"column":4},"end":{"line":78,"column":4}}},"3":{"name":"constructor","line":81,"loc":{"start":{"line":81,"column":4},"end":{"line":83,"column":4}}},"4":{"name":"initialize","line":89,"loc":{"start":{"line":86,"column":4},"end":{"line":93,"column":4}}},"5":{"name":"updatePerms","line":104,"loc":{"start":{"line":104,"column":4},"end":{"line":106,"column":4}}},"6":{"name":"register","line":122,"loc":{"start":{"line":122,"column":4},"end":{"line":143,"column":4}}},"7":{"name":"updateSystemHash","line":149,"loc":{"start":{"line":149,"column":4},"end":{"line":155,"column":4}}},"8":{"name":"accountGetKeys","line":166,"loc":{"start":{"line":166,"column":4},"end":{"line":171,"column":4}}},"9":{"name":"accountAddAddress","line":174,"loc":{"start":{"line":174,"column":4},"end":{"line":180,"column":4}}},"10":{"name":"accountAddKey","line":186,"loc":{"start":{"line":186,"column":4},"end":{"line":193,"column":4}}},"11":{"name":"accountUpdateHash","line":199,"loc":{"start":{"line":199,"column":4},"end":{"line":205,"column":4}}},"12":{"name":"getAddresses","line":217,"loc":{"start":{"line":217,"column":4},"end":{"line":222,"column":4}}},"13":{"name":"verify","line":227,"loc":{"start":{"line":227,"column":4},"end":{"line":230,"column":4}}},"14":{"name":"version","line":233,"loc":{"start":{"line":233,"column":4},"end":{"line":235,"column":4}}},"15":{"name":"getPerms","line":238,"loc":{"start":{"line":238,"column":4},"end":{"line":240,"column":4}}},"16":{"name":"getAccount","line":243,"loc":{"start":{"line":243,"column":4},"end":{"line":246,"column":4}}},"17":{"name":"getTotalAccounts","line":249,"loc":{"start":{"line":249,"column":4},"end":{"line":251,"column":4}}},"18":{"name":"getAccountHashes","line":254,"loc":{"start":{"line":254,"column":4},"end":{"line":256,"column":4}}},"19":{"name":"getAccounts","line":261,"loc":{"start":{"line":261,"column":4},"end":{"line":271,"column":4}}},"20":{"name":"verifyFingerprint","line":277,"loc":{"start":{"line":277,"column":4},"end":{"line":285,"column":4}}}},"statementMap":{"1":{"start":{"line":70,"column":6},"end":{"line":70,"column":97}},"2":{"start":{"line":76,"column":6},"end":{"line":76,"column":91}},"3":{"start":{"line":82,"column":8},"end":{"line":82,"column":29}},"4":{"start":{"line":123,"column":8},"end":{"line":123,"column":58}},"5":{"start":{"line":124,"column":8},"end":{"line":124,"column":82}},"6":{"start":{"line":126,"column":8},"end":{"line":126,"column":43}},"7":{"start":{"line":128,"column":8},"end":{"line":128,"column":32}},"8":{"start":{"line":129,"column":8},"end":{"line":129,"column":32}},"9":{"start":{"line":132,"column":8},"end":{"line":132,"column":41}},"10":{"start":{"line":133,"column":8},"end":{"line":133,"column":41}},"11":{"start":{"line":134,"column":8},"end":{"line":134,"column":41}},"12":{"start":{"line":135,"column":8},"end":{"line":135,"column":41}},"13":{"start":{"line":137,"column":8},"end":{"line":137,"column":134}},"14":{"start":{"line":139,"column":8},"end":{"line":139,"column":38}},"15":{"start":{"line":140,"column":8},"end":{"line":140,"column":37}},"16":{"start":{"line":142,"column":8},"end":{"line":142,"column":24}},"17":{"start":{"line":150,"column":8},"end":{"line":150,"column":58}},"18":{"start":{"line":151,"column":8},"end":{"line":151,"column":82}},"19":{"start":{"line":167,"column":8},"end":{"line":167,"column":70}},"20":{"start":{"line":168,"column":8},"end":{"line":168,"column":92}},"21":{"start":{"line":170,"column":8},"end":{"line":170,"column":78}},"22":{"start":{"line":175,"column":8},"end":{"line":175,"column":70}},"23":{"start":{"line":176,"column":8},"end":{"line":176,"column":92}},"24":{"start":{"line":178,"column":8},"end":{"line":178,"column":50}},"25":{"start":{"line":187,"column":8},"end":{"line":187,"column":70}},"26":{"start":{"line":188,"column":8},"end":{"line":188,"column":92}},"27":{"start":{"line":190,"column":8},"end":{"line":190,"column":44}},"28":{"start":{"line":191,"column":8},"end":{"line":191,"column":44}},"29":{"start":{"line":200,"column":8},"end":{"line":200,"column":70}},"30":{"start":{"line":201,"column":8},"end":{"line":201,"column":92}},"31":{"start":{"line":218,"column":8},"end":{"line":218,"column":58}},"32":{"start":{"line":219,"column":8},"end":{"line":219,"column":82}},"33":{"start":{"line":221,"column":8},"end":{"line":221,"column":35}},"34":{"start":{"line":228,"column":8},"end":{"line":228,"column":70}},"35":{"start":{"line":229,"column":8},"end":{"line":229,"column":54}},"36":{"start":{"line":234,"column":8},"end":{"line":234,"column":16}},"37":{"start":{"line":239,"column":8},"end":{"line":239,"column":27}},"38":{"start":{"line":244,"column":8},"end":{"line":244,"column":58}},"39":{"start":{"line":245,"column":8},"end":{"line":245,"column":22}},"40":{"start":{"line":250,"column":8},"end":{"line":250,"column":30}},"41":{"start":{"line":255,"column":8},"end":{"line":255,"column":32}},"42":{"start":{"line":262,"column":8},"end":{"line":262,"column":46}},"43":{"start":{"line":263,"column":8},"end":{"line":263,"column":31}},"44":{"start":{"line":264,"column":8},"end":{"line":264,"column":65}},"45":{"start":{"line":266,"column":8},"end":{"line":266,"column":12752}},"46":{"start":{"line":270,"column":8},"end":{"line":270,"column":20}},"47":{"start":{"line":278,"column":8},"end":{"line":278,"column":86}},"48":{"start":{"line":279,"column":8},"end":{"line":279,"column":109}},"49":{"start":{"line":281,"column":8},"end":{"line":281,"column":68}},"50":{"start":{"line":282,"column":8},"end":{"line":282,"column":68}},"51":{"start":{"line":284,"column":8},"end":{"line":284,"column":81}}},"branchMap":{"1":{"line":70,"type":"if","locations":[{"start":{"line":70,"column":6},"end":{"line":70,"column":6}},{"start":{"line":70,"column":6},"end":{"line":70,"column":6}}]},"2":{"line":76,"type":"if","locations":[{"start":{"line":76,"column":6},"end":{"line":76,"column":6}},{"start":{"line":76,"column":6},"end":{"line":76,"column":6}}]},"3":{"line":89,"type":"if","locations":[{"start":{"line":89,"column":6},"end":{"line":89,"column":6}},{"start":{"line":89,"column":6},"end":{"line":89,"column":6}}]},"4":{"line":104,"type":"if","locations":[{"start":{"line":104,"column":60},"end":{"line":104,"column":60}},{"start":{"line":104,"column":60},"end":{"line":104,"column":60}}]},"5":{"line":122,"type":"if","locations":[{"start":{"line":122,"column":97},"end":{"line":122,"column":97}},{"start":{"line":122,"column":97},"end":{"line":122,"column":97}}]},"6":{"line":124,"type":"if","locations":[{"start":{"line":124,"column":8},"end":{"line":124,"column":8}},{"start":{"line":124,"column":8},"end":{"line":124,"column":8}}]},"7":{"line":149,"type":"if","locations":[{"start":{"line":149,"column":81},"end":{"line":149,"column":81}},{"start":{"line":149,"column":81},"end":{"line":149,"column":81}}]},"8":{"line":151,"type":"if","locations":[{"start":{"line":151,"column":8},"end":{"line":151,"column":8}},{"start":{"line":151,"column":8},"end":{"line":151,"column":8}}]},"9":{"line":168,"type":"if","locations":[{"start":{"line":168,"column":8},"end":{"line":168,"column":8}},{"start":{"line":168,"column":8},"end":{"line":168,"column":8}}]},"10":{"line":174,"type":"if","locations":[{"start":{"line":174,"column":92},"end":{"line":174,"column":92}},{"start":{"line":174,"column":92},"end":{"line":174,"column":92}}]},"11":{"line":176,"type":"if","locations":[{"start":{"line":176,"column":8},"end":{"line":176,"column":8}},{"start":{"line":176,"column":8},"end":{"line":176,"column":8}}]},"12":{"line":186,"type":"if","locations":[{"start":{"line":186,"column":97},"end":{"line":186,"column":97}},{"start":{"line":186,"column":97},"end":{"line":186,"column":97}}]},"13":{"line":188,"type":"if","locations":[{"start":{"line":188,"column":8},"end":{"line":188,"column":8}},{"start":{"line":188,"column":8},"end":{"line":188,"column":8}}]},"14":{"line":199,"type":"if","locations":[{"start":{"line":199,"column":103},"end":{"line":199,"column":103}},{"start":{"line":199,"column":103},"end":{"line":199,"column":103}}]},"15":{"line":201,"type":"if","locations":[{"start":{"line":201,"column":8},"end":{"line":201,"column":8}},{"start":{"line":201,"column":8},"end":{"line":201,"column":8}}]},"16":{"line":219,"type":"if","locations":[{"start":{"line":219,"column":8},"end":{"line":219,"column":8}},{"start":{"line":219,"column":8},"end":{"line":219,"column":8}}]},"17":{"line":278,"type":"if","locations":[{"start":{"line":278,"column":8},"end":{"line":278,"column":8}},{"start":{"line":278,"column":8},"end":{"line":278,"column":8}}]},"18":{"line":279,"type":"if","locations":[{"start":{"line":279,"column":8},"end":{"line":279,"column":8}},{"start":{"line":279,"column":8},"end":{"line":279,"column":8}}]}}},
"contracts/CarmelRegistryV2.sol":{"l":{"33":108,"37":1},"path":"/Users/idc/dev/chunky/carmel/carmel-sys/contracts/CarmelRegistryV2.sol","s":{"1":108,"2":1},"b":{},"f":{"1":108,"2":1},"fnMap":{"1":{"name":"constructor","line":32,"loc":{"start":{"line":32,"column":4},"end":{"line":34,"column":4}}},"2":{"name":"version","line":36,"loc":{"start":{"line":36,"column":4},"end":{"line":38,"column":4}}}},"statementMap":{"1":{"start":{"line":33,"column":8},"end":{"line":33,"column":29}},"2":{"start":{"line":37,"column":8},"end":{"line":37,"column":16}}},"branchMap":{}},
"contracts/CarmelTreasury.sol":{"l":{"45":28,"52":28,"53":28,"58":3,"59":3,"64":3,"69":5,"70":4,"71":2,"73":1},"path":"/Users/idc/dev/chunky/carmel/carmel-sys/contracts/CarmelTreasury.sol","s":{"1":28,"2":3,"3":3,"4":5,"5":4,"6":2,"7":1},"b":{"1":[28,1],"2":[1,4],"3":[1,2],"4":[1,1]},"f":{"1":28,"2":28,"3":3,"4":3,"5":5},"fnMap":{"1":{"name":"constructor","line":44,"loc":{"start":{"line":44,"column":4},"end":{"line":46,"column":4}}},"2":{"name":"initialize","line":51,"loc":{"start":{"line":48,"column":3},"end":{"line":54,"column":3}}},"3":{"name":"deposit","line":57,"loc":{"start":{"line":57,"column":3},"end":{"line":60,"column":3}}},"4":{"name":"getBalance","line":63,"loc":{"start":{"line":63,"column":3},"end":{"line":65,"column":3}}},"5":{"name":"withdraw","line":68,"loc":{"start":{"line":68,"column":3},"end":{"line":74,"column":3}}}},"statementMap":{"1":{"start":{"line":45,"column":8},"end":{"line":45,"column":29}},"2":{"start":{"line":59,"column":8},"end":{"line":59,"column":47}},"3":{"start":{"line":64,"column":5},"end":{"line":64,"column":31}},"4":{"start":{"line":69,"column":8},"end":{"line":69,"column":72}},"5":{"start":{"line":70,"column":8},"end":{"line":70,"column":87}},"6":{"start":{"line":71,"column":8},"end":{"line":71,"column":109}},"7":{"start":{"line":73,"column":8},"end":{"line":73,"column":26}}},"branchMap":{"1":{"line":51,"type":"if","locations":[{"start":{"line":51,"column":6},"end":{"line":51,"column":6}},{"start":{"line":51,"column":6},"end":{"line":51,"column":6}}]},"2":{"line":69,"type":"if","locations":[{"start":{"line":69,"column":8},"end":{"line":69,"column":8}},{"start":{"line":69,"column":8},"end":{"line":69,"column":8}}]},"3":{"line":70,"type":"if","locations":[{"start":{"line":70,"column":8},"end":{"line":70,"column":8}},{"start":{"line":70,"column":8},"end":{"line":70,"column":8}}]},"4":{"line":71,"type":"if","locations":[{"start":{"line":71,"column":8},"end":{"line":71,"column":8}},{"start":{"line":71,"column":8},"end":{"line":71,"column":8}}]}}},
"contracts/CarmelVerifier.sol":{"l":{"59":140,"66":140,"71":13,"97":19,"99":18,"100":18,"101":18,"102":18,"103":18,"105":18,"106":4,"110":14,"111":1,"115":13,"116":13,"117":13,"118":13,"120":13,"121":13,"123":13,"127":13},"path":"/Users/idc/dev/chunky/carmel/carmel-sys/contracts/CarmelVerifier.sol","s":{"1":140,"2":19,"3":1,"4":18,"5":18,"6":18,"7":18,"8":18,"9":18,"10":4,"11":14,"12":1,"13":13,"14":13,"15":13,"16":13,"17":13,"18":13},"b":{"1":[140,1],"2":[1,18],"3":[4,14],"4":[1,1],"5":[1,1],"6":[1,1],"7":[1,13]},"f":{"1":140,"2":140,"3":13,"4":19},"fnMap":{"1":{"name":"constructor","line":58,"loc":{"start":{"line":58,"column":4},"end":{"line":60,"column":4}}},"2":{"name":"initialize","line":65,"loc":{"start":{"line":63,"column":4},"end":{"line":67,"column":4}}},"3":{"name":"nModInv","line":70,"loc":{"start":{"line":70,"column":4},"end":{"line":88,"column":4}}},"4":{"name":"verify","line":96,"loc":{"start":{"line":96,"column":4},"end":{"line":128,"column":4}}}},"statementMap":{"1":{"start":{"line":59,"column":8},"end":{"line":59,"column":29}},"2":{"start":{"line":97,"column":9},"end":{"line":97,"column":50}},"3":{"start":{"line":97,"column":38},"end":{"line":97,"column":50}},"4":{"start":{"line":99,"column":9},"end":{"line":99,"column":59}},"5":{"start":{"line":100,"column":9},"end":{"line":100,"column":59}},"6":{"start":{"line":101,"column":9},"end":{"line":101,"column":42}},"7":{"start":{"line":102,"column":9},"end":{"line":102,"column":32}},"8":{"start":{"line":103,"column":9},"end":{"line":103,"column":32}},"9":{"start":{"line":105,"column":8},"end":{"line":105,"column":5828}},"10":{"start":{"line":106,"column":12},"end":{"line":106,"column":24}},"11":{"start":{"line":110,"column":7},"end":{"line":110,"column":5995}},"12":{"start":{"line":111,"column":8},"end":{"line":111,"column":20}},"13":{"start":{"line":115,"column":8},"end":{"line":115,"column":33}},"14":{"start":{"line":116,"column":8},"end":{"line":116,"column":50}},"15":{"start":{"line":117,"column":8},"end":{"line":117,"column":45}},"16":{"start":{"line":118,"column":8},"end":{"line":118,"column":45}},"17":{"start":{"line":120,"column":8},"end":{"line":120,"column":18}},"18":{"start":{"line":127,"column":8},"end":{"line":127,"column":22}}},"branchMap":{"1":{"line":65,"type":"if","locations":[{"start":{"line":65,"column":6},"end":{"line":65,"column":6}},{"start":{"line":65,"column":6},"end":{"line":65,"column":6}}]},"2":{"line":97,"type":"if","locations":[{"start":{"line":97,"column":9},"end":{"line":97,"column":9}},{"start":{"line":97,"column":9},"end":{"line":97,"column":9}}]},"3":{"line":105,"type":"if","locations":[{"start":{"line":105,"column":8},"end":{"line":105,"column":8}},{"start":{"line":105,"column":8},"end":{"line":105,"column":8}}]},"4":{"line":105,"type":"cond-expr","locations":[{"start":{"line":105,"column":12},"end":{"line":105,"column":17}},{"start":{"line":105,"column":22},"end":{"line":105,"column":27}}]},"5":{"line":105,"type":"cond-expr","locations":[{"start":{"line":105,"column":12},"end":{"line":105,"column":27}},{"start":{"line":105,"column":32},"end":{"line":105,"column":37}}]},"6":{"line":105,"type":"cond-expr","locations":[{"start":{"line":105,"column":12},"end":{"line":105,"column":37}},{"start":{"line":105,"column":42},"end":{"line":105,"column":47}}]},"7":{"line":110,"type":"if","locations":[{"start":{"line":110,"column":7},"end":{"line":110,"column":7}},{"start":{"line":110,"column":7},"end":{"line":110,"column":7}}]}}},
"contracts/Proxies.sol":{"l":{},"path":"/Users/idc/dev/chunky/carmel/carmel-sys/contracts/Proxies.sol","s":{},"b":{},"f":{},"fnMap":{},"statementMap":{},"branchMap":{}}}
