TN:
SF:/Users/idc/dev/chunky/carmel/carmel-sys/contracts/CarmelBase.sol
FNF:0
FNH:0
LF:0
LH:0
BRF:0
BRH:0
end_of_record
TN:
SF:/Users/idc/dev/chunky/carmel/carmel-sys/contracts/CarmelRegistry.sol
FN:69,requireSentinel
FN:75,requireAdmin
FN:81,constructor
FN:89,initialize
FN:104,updatePerms
FN:122,register
FN:149,updateSystemHash
FN:166,accountGetKeys
FN:174,accountAddAddress
FN:186,accountAddKey
FN:199,accountUpdateHash
FN:217,getAddresses
FN:227,verify
FN:233,version
FN:238,getPerms
FN:243,getAccount
FN:249,getTotalAccounts
FN:254,getAccountHashes
FN:261,getAccounts
FN:277,verifyFingerprint
FNF:20
FNH:20
FNDA:32,requireSentinel
FNDA:2,requireAdmin
FNDA:244,constructor
FNDA:244,initialize
FNDA:1,updatePerms
FNDA:17,register
FNDA:2,updateSystemHash
FNDA:3,accountGetKeys
FNDA:2,accountAddAddress
FNDA:4,accountAddKey
FNDA:2,accountUpdateHash
FNDA:3,getAddresses
FNDA:6,verify
FNDA:1,version
FNDA:2,getPerms
FNDA:2,getAccount
FNDA:2,getTotalAccounts
FNDA:4,getAccountHashes
FNDA:1,getAccounts
FNDA:17,verifyFingerprint
DA:70,32
DA:71,27
DA:76,2
DA:77,1
DA:82,244
DA:90,244
DA:91,244
DA:92,244
DA:105,1
DA:123,17
DA:124,17
DA:126,16
DA:127,16
DA:128,16
DA:129,16
DA:130,16
DA:132,16
DA:133,16
DA:134,16
DA:135,16
DA:137,16
DA:138,16
DA:139,16
DA:140,16
DA:142,16
DA:150,2
DA:151,2
DA:153,1
DA:154,1
DA:167,3
DA:168,3
DA:170,1
DA:175,2
DA:176,2
DA:178,1
DA:179,1
DA:187,4
DA:188,4
DA:190,1
DA:191,1
DA:192,1
DA:200,2
DA:201,2
DA:203,1
DA:204,1
DA:218,3
DA:219,3
DA:221,2
DA:228,6
DA:229,6
DA:234,1
DA:239,2
DA:244,2
DA:245,2
DA:250,2
DA:255,4
DA:262,1
DA:263,1
DA:264,1
DA:266,1
DA:267,1
DA:270,1
DA:278,17
DA:279,13
DA:281,12
DA:282,12
DA:284,12
LF:67
LH:67
BRDA:70,1,0,5
BRDA:70,1,1,27
BRDA:76,2,0,1
BRDA:76,2,1,1
BRDA:89,3,0,244
BRDA:89,3,1,1
BRDA:104,4,0,1
BRDA:104,4,1,1
BRDA:122,5,0,17
BRDA:122,5,1,1
BRDA:124,6,0,1
BRDA:124,6,1,16
BRDA:149,7,0,2
BRDA:149,7,1,1
BRDA:151,8,0,1
BRDA:151,8,1,1
BRDA:168,9,0,1
BRDA:168,9,1,1
BRDA:174,10,0,2
BRDA:174,10,1,1
BRDA:176,11,0,1
BRDA:176,11,1,1
BRDA:186,12,0,4
BRDA:186,12,1,1
BRDA:188,13,0,1
BRDA:188,13,1,1
BRDA:199,14,0,2
BRDA:199,14,1,1
BRDA:201,15,0,1
BRDA:201,15,1,1
BRDA:219,16,0,1
BRDA:219,16,1,2
BRDA:278,17,0,4
BRDA:278,17,1,13
BRDA:279,18,0,1
BRDA:279,18,1,12
BRF:36
BRH:36
end_of_record
TN:
SF:/Users/idc/dev/chunky/carmel/carmel-sys/contracts/CarmelRegistryV2.sol
FN:32,constructor
FN:36,version
FNF:2
FNH:2
FNDA:108,constructor
FNDA:1,version
DA:33,108
DA:37,1
LF:2
LH:2
BRF:0
BRH:0
end_of_record
TN:
SF:/Users/idc/dev/chunky/carmel/carmel-sys/contracts/CarmelTreasury.sol
FN:44,constructor
FN:51,initialize
FN:57,deposit
FN:63,getBalance
FN:68,withdraw
FNF:5
FNH:5
FNDA:28,constructor
FNDA:28,initialize
FNDA:3,deposit
FNDA:3,getBalance
FNDA:5,withdraw
DA:45,28
DA:52,28
DA:53,28
DA:58,3
DA:59,3
DA:64,3
DA:69,5
DA:70,4
DA:71,2
DA:73,1
LF:10
LH:10
BRDA:51,1,0,28
BRDA:51,1,1,1
BRDA:69,2,0,1
BRDA:69,2,1,4
BRDA:70,3,0,1
BRDA:70,3,1,2
BRDA:71,4,0,1
BRDA:71,4,1,1
BRF:8
BRH:8
end_of_record
TN:
SF:/Users/idc/dev/chunky/carmel/carmel-sys/contracts/CarmelVerifier.sol
FN:58,constructor
FN:65,initialize
FN:70,nModInv
FN:96,verify
FNF:4
FNH:4
FNDA:140,constructor
FNDA:140,initialize
FNDA:13,nModInv
FNDA:19,verify
DA:59,140
DA:66,140
DA:71,13
DA:97,19
DA:99,18
DA:100,18
DA:101,18
DA:102,18
DA:103,18
DA:105,18
DA:106,4
DA:110,14
DA:111,1
DA:115,13
DA:116,13
DA:117,13
DA:118,13
DA:120,13
DA:121,13
DA:123,13
DA:127,13
LF:21
LH:21
BRDA:65,1,0,140
BRDA:65,1,1,1
BRDA:97,2,0,1
BRDA:97,2,1,18
BRDA:105,3,0,4
BRDA:105,3,1,14
BRDA:105,4,0,1
BRDA:105,4,1,1
BRDA:105,5,0,1
BRDA:105,5,1,1
BRDA:105,6,0,1
BRDA:105,6,1,1
BRDA:110,7,0,1
BRDA:110,7,1,13
BRF:14
BRH:14
end_of_record
TN:
SF:/Users/idc/dev/chunky/carmel/carmel-sys/contracts/Proxies.sol
FNF:0
FNH:0
LF:0
LH:0
BRF:0
BRH:0
end_of_record
