TN:
SF:/Users/idc/dev/chunky/carmel/carmel-sys/contracts/CarmelBase.sol
FN:69,requireSentinel
FN:75,requireAdmin
FN:89,updatePerms
FNF:3
FNH:3
FNDA:72,requireSentinel
FNDA:2,requireAdmin
FNDA:1,updatePerms
DA:70,72
DA:71,64
DA:76,2
DA:77,1
DA:90,1
LF:5
LH:5
BRDA:70,1,0,8
BRDA:70,1,1,64
BRDA:76,2,0,1
BRDA:76,2,1,1
BRDA:89,3,0,1
BRDA:89,3,1,1
BRF:6
BRH:6
end_of_record
TN:
SF:/Users/idc/dev/chunky/carmel/carmel-sys/contracts/CarmelCollection.sol
FN:76,constructor
FN:93,initialize
FN:121,updateHash
FN:133,updateConfig
FN:140,updateLevel
FN:158,safeMintBatch
FN:188,getConfig
FN:193,getLevel
FN:198,version
FN:203,tokenURI
FN:210,totalSupply
FN:222,bytes32ToString
FNF:12
FNH:12
FNDA:92,constructor
FNDA:92,initialize
FNDA:4,updateHash
FNDA:6,updateConfig
FNDA:10,updateLevel
FNDA:9,safeMintBatch
FNDA:2,getConfig
FNDA:4,getLevel
FNDA:1,version
FNDA:7,tokenURI
FNDA:4,totalSupply
FNDA:12,bytes32ToString
DA:77,92
DA:94,92
DA:95,92
DA:96,92
DA:98,92
DA:99,92
DA:100,92
DA:101,92
DA:103,92
DA:104,92
DA:105,92
DA:106,92
DA:107,92
DA:108,92
DA:122,4
DA:123,2
DA:125,1
DA:126,1
DA:127,1
DA:129,1
DA:134,6
DA:136,4
DA:141,10
DA:143,8
DA:159,9
DA:160,9
DA:161,9
DA:162,9
DA:163,9
DA:165,9
DA:166,8
DA:167,7
DA:168,6
DA:170,5
DA:171,1
DA:174,5
DA:175,10
DA:176,10
DA:177,10
DA:178,10
DA:179,10
DA:180,10
DA:181,10
DA:182,10
DA:183,10
DA:189,2
DA:194,4
DA:199,1
DA:204,7
DA:206,6
DA:211,4
DA:223,12
DA:224,12
DA:226,12
DA:227,12
DA:229,12
LF:56
LH:56
BRDA:93,1,0,92
BRDA:93,1,1,1
BRDA:121,2,0,4
BRDA:121,2,1,1
BRDA:122,3,0,1
BRDA:122,3,1,2
BRDA:123,4,0,1
BRDA:123,4,1,1
BRDA:133,5,0,6
BRDA:133,5,1,1
BRDA:134,6,0,1
BRDA:134,6,1,4
BRDA:140,7,0,10
BRDA:140,7,1,1
BRDA:141,8,0,1
BRDA:141,8,1,8
BRDA:165,9,0,1
BRDA:165,9,1,8
BRDA:166,10,0,1
BRDA:166,10,1,7
BRDA:167,11,0,1
BRDA:167,11,1,6
BRDA:168,12,0,1
BRDA:168,12,1,5
BRDA:170,13,0,1
BRDA:170,13,1,4
BRDA:204,14,0,1
BRDA:204,14,1,6
BRF:28
BRH:28
end_of_record
TN:
SF:/Users/idc/dev/chunky/carmel/carmel-sys/contracts/CarmelRegistry.sol
FN:61,constructor
FN:69,initialize
FN:89,register
FN:116,updateSystemHash
FN:133,accountGetKeys
FN:141,accountAddAddress
FN:153,accountAddKey
FN:166,accountUpdateHash
FN:184,getAddresses
FN:194,verify
FN:200,version
FN:205,getPerms
FN:210,getAccount
FN:216,getTotalAccounts
FN:221,getAccountHashes
FN:228,getAccounts
FN:244,verifyFingerprint
FNF:17
FNH:17
FNDA:336,constructor
FNDA:336,initialize
FNDA:34,register
FNDA:2,updateSystemHash
FNDA:3,accountGetKeys
FNDA:2,accountAddAddress
FNDA:4,accountAddKey
FNDA:2,accountUpdateHash
FNDA:3,getAddresses
FNDA:26,verify
FNDA:1,version
FNDA:2,getPerms
FNDA:2,getAccount
FNDA:2,getTotalAccounts
FNDA:4,getAccountHashes
FNDA:1,getAccounts
FNDA:37,verifyFingerprint
DA:62,336
DA:70,336
DA:71,336
DA:72,336
DA:90,34
DA:91,34
DA:93,33
DA:94,33
DA:95,33
DA:96,33
DA:97,33
DA:99,33
DA:100,33
DA:101,33
DA:102,33
DA:104,33
DA:105,33
DA:106,33
DA:107,33
DA:109,33
DA:117,2
DA:118,2
DA:120,1
DA:121,1
DA:134,3
DA:135,3
DA:137,1
DA:142,2
DA:143,2
DA:145,1
DA:146,1
DA:154,4
DA:155,4
DA:157,1
DA:158,1
DA:159,1
DA:167,2
DA:168,2
DA:170,1
DA:171,1
DA:185,3
DA:186,3
DA:188,2
DA:195,26
DA:196,26
DA:201,1
DA:206,2
DA:211,2
DA:212,2
DA:217,2
DA:222,4
DA:229,1
DA:230,1
DA:231,1
DA:233,1
DA:234,1
DA:237,1
DA:245,37
DA:246,30
DA:248,29
DA:249,29
DA:251,29
LF:62
LH:62
BRDA:69,1,0,336
BRDA:69,1,1,1
BRDA:89,2,0,34
BRDA:89,2,1,1
BRDA:91,3,0,1
BRDA:91,3,1,33
BRDA:116,4,0,2
BRDA:116,4,1,1
BRDA:118,5,0,1
BRDA:118,5,1,1
BRDA:135,6,0,1
BRDA:135,6,1,1
BRDA:141,7,0,2
BRDA:141,7,1,1
BRDA:143,8,0,1
BRDA:143,8,1,1
BRDA:153,9,0,4
BRDA:153,9,1,1
BRDA:155,10,0,1
BRDA:155,10,1,1
BRDA:166,11,0,2
BRDA:166,11,1,1
BRDA:168,12,0,1
BRDA:168,12,1,1
BRDA:186,13,0,1
BRDA:186,13,1,2
BRDA:245,14,0,7
BRDA:245,14,1,30
BRDA:246,15,0,1
BRDA:246,15,1,29
BRF:30
BRH:30
end_of_record
TN:
SF:/Users/idc/dev/chunky/carmel/carmel-sys/contracts/CarmelRegistryV2.sol
FN:32,constructor
FN:36,version
FNF:2
FNH:2
FNDA:108,constructor
FNDA:1,version
DA:33,108
DA:37,1
LF:2
LH:2
BRF:0
BRH:0
end_of_record
TN:
SF:/Users/idc/dev/chunky/carmel/carmel-sys/contracts/CarmelTreasury.sol
FN:44,constructor
FN:51,initialize
FN:57,deposit
FN:63,getBalance
FN:68,withdraw
FNF:5
FNH:5
FNDA:28,constructor
FNDA:28,initialize
FNDA:3,deposit
FNDA:3,getBalance
FNDA:5,withdraw
DA:45,28
DA:52,28
DA:53,28
DA:58,3
DA:59,3
DA:64,3
DA:69,5
DA:70,4
DA:71,2
DA:73,1
LF:10
LH:10
BRDA:51,1,0,28
BRDA:51,1,1,1
BRDA:69,2,0,1
BRDA:69,2,1,4
BRDA:70,3,0,1
BRDA:70,3,1,2
BRDA:71,4,0,1
BRDA:71,4,1,1
BRF:8
BRH:8
end_of_record
TN:
SF:/Users/idc/dev/chunky/carmel/carmel-sys/contracts/CarmelVerifier.sol
FN:58,constructor
FN:65,initialize
FN:70,nModInv
FN:96,verify
FNF:4
FNH:4
FNDA:232,constructor
FNDA:232,initialize
FNDA:30,nModInv
FNDA:36,verify
DA:59,232
DA:66,232
DA:71,30
DA:97,36
DA:99,35
DA:100,35
DA:101,35
DA:102,35
DA:103,35
DA:105,35
DA:106,4
DA:110,31
DA:111,1
DA:115,30
DA:116,30
DA:117,30
DA:118,30
DA:120,30
DA:121,30
DA:123,30
DA:127,30
LF:21
LH:21
BRDA:65,1,0,232
BRDA:65,1,1,1
BRDA:97,2,0,1
BRDA:97,2,1,35
BRDA:105,3,0,4
BRDA:105,3,1,31
BRDA:105,4,0,1
BRDA:105,4,1,1
BRDA:105,5,0,1
BRDA:105,5,1,1
BRDA:105,6,0,1
BRDA:105,6,1,1
BRDA:110,7,0,1
BRDA:110,7,1,30
BRF:14
BRH:14
end_of_record
TN:
SF:/Users/idc/dev/chunky/carmel/carmel-sys/contracts/Proxies.sol
FNF:0
FNH:0
LF:0
LH:0
BRF:0
BRH:0
end_of_record
